<?xml version="1.0" encoding="UTF-8"?>
<!-- Generated by org.testng.reporters.JUnitXMLReporter -->
<testsuite ignored="0" hostname="DESKTOP-4CANV1M" failures="0" tests="21" name="Test" time="0.131" errors="0" timestamp="2020-05-09T21:38:28 IST">
  <testcase classname="GitDemo.GitHub.Class3Test" name="with" time="0.009"/>
  <testcase classname="GitDemo.GitHub.Class3Test" name="with1" time="0.001"/>
  <testcase classname="GitDemo.GitHub.Class3Test" name="with2" time="0.005"/>
  <testcase classname="GitDemo.GitHub.Class3Test" name="with3" time="0.005"/>
  <testcase classname="GitDemo.GitHub.Class2Test" name="withTrue" time="0.001"/>
  <testcase classname="GitDemo.GitHub.Class2Test" name="withTrue1" time="0.001"/>
  <testcase classname="GitDemo.GitHub.Class2Test" name="withTrue2" time="0.001"/>
  <testcase classname="GitDemo.GitHub.Class2Test" name="withTrue3" time="0.002"/>
  <testcase classname="GitDemo.GitHub.AppTest" name="shouldAnswerWithTrue" time="0.002"/>
  <testcase classname="GitDemo.GitHub.AppTest" name="shouldAnswerWithTrue1" time="0.002"/>
  <testcase classname="GitDemo.GitHub.AppTest" name="shouldAnswerWithTrue2" time="0.002"/>
  <testcase classname="GitDemo.GitHub.AppTest" name="shouldAnswerWithTrue3" time="0.002"/>
  <testcase classname="GitDemo.GitHub.AppTest" name="shouldAnswerWithTrue4" time="0.002"/>
  <testcase classname="GitDemo.GitHub.Class1Test" name="answerWithTrue" time="0.002"/>
  <testcase classname="GitDemo.GitHub.Class1Test" name="answerWithTrue1" time="0.003"/>
  <testcase classname="GitDemo.GitHub.Class1Test" name="answerWithTrue2" time="0.001"/>
  <testcase classname="GitDemo.GitHub.Class1Test" name="answerWithTrue3" time="0.001"/>
  <testcase classname="GitDemo.GitHub.Class4Test" name="true0" time="0.001"/>
  <testcase classname="GitDemo.GitHub.Class4Test" name="true1" time="0.001"/>
  <testcase classname="GitDemo.GitHub.Class4Test" name="true2" time="0.002"/>
  <testcase classname="GitDemo.GitHub.Class4Test" name="true3" time="0.001"/>
</testsuite> <!-- Test -->
