<?xml version="1.0" encoding="UTF-8"?>
<!-- Generated by org.testng.reporters.JUnitXMLReporter -->
<testsuite ignored="0" hostname="DESKTOP-4CANV1M" failures="0" tests="13" name="Test" time="0.123" errors="0" timestamp="2020-05-10T08:48:18 IST">
  <testcase classname="GitDemo.GitHub.Class3Test" name="with" time="0.007"/>
  <testcase classname="GitDemo.GitHub.Class3Test" name="with1" time="0.0"/>
  <testcase classname="GitDemo.GitHub.Class3Test" name="with2" time="0.0"/>
  <testcase classname="GitDemo.GitHub.Class3Test" name="with3" time="0.0"/>
  <testcase classname="GitDemo.GitHub.Class2Test" name="withTrue" time="0.001"/>
  <testcase classname="GitDemo.GitHub.Class2Test" name="withTrue1" time="0.006"/>
  <testcase classname="GitDemo.GitHub.Class2Test" name="withTrue2" time="0.001"/>
  <testcase classname="GitDemo.GitHub.Class2Test" name="withTrue3" time="0.0"/>
  <testcase classname="GitDemo.GitHub.AppTest" name="shouldAnswerWithTrue" time="0.001"/>
  <testcase classname="GitDemo.GitHub.AppTest" name="shouldAnswerWithTrue1" time="0.001"/>
  <testcase classname="GitDemo.GitHub.AppTest" name="shouldAnswerWithTrue2" time="0.001"/>
  <testcase classname="GitDemo.GitHub.AppTest" name="shouldAnswerWithTrue3" time="0.001"/>
  <testcase classname="GitDemo.GitHub.AppTest" name="shouldAnswerWithTrue4" time="0.001"/>
</testsuite> <!-- Test -->
