<?xml version="1.0" encoding="UTF-8"?>
<testng-results ignored="0" total="13" passed="13" failed="0" skipped="0">
  <reporter-output>
  </reporter-output>
  <suite started-at="2020-05-10T08:48:18 IST" name="Suite" finished-at="2020-05-10T08:48:18 IST" duration-ms="123">
    <groups>
    </groups>
    <test started-at="2020-05-10T08:48:18 IST" name="Test" finished-at="2020-05-10T08:48:18 IST" duration-ms="123">
      <class name="GitDemo.GitHub.AppTest">
        <test-method signature="shouldAnswerWithTrue()[pri:0, instance:GitDemo.GitHub.AppTest@38afe297]" started-at="2020-05-10T08:48:18 IST" name="shouldAnswerWithTrue" finished-at="2020-05-10T08:48:18 IST" duration-ms="1" status="PASS">
          <reporter-output>
          </reporter-output>
        </test-method> <!-- shouldAnswerWithTrue -->
        <test-method signature="shouldAnswerWithTrue1()[pri:0, instance:GitDemo.GitHub.AppTest@38afe297]" started-at="2020-05-10T08:48:18 IST" name="shouldAnswerWithTrue1" finished-at="2020-05-10T08:48:18 IST" duration-ms="1" status="PASS">
          <reporter-output>
          </reporter-output>
        </test-method> <!-- shouldAnswerWithTrue1 -->
        <test-method signature="shouldAnswerWithTrue2()[pri:0, instance:GitDemo.GitHub.AppTest@38afe297]" started-at="2020-05-10T08:48:18 IST" name="shouldAnswerWithTrue2" finished-at="2020-05-10T08:48:18 IST" duration-ms="1" status="PASS">
          <reporter-output>
          </reporter-output>
        </test-method> <!-- shouldAnswerWithTrue2 -->
        <test-method signature="shouldAnswerWithTrue3()[pri:0, instance:GitDemo.GitHub.AppTest@38afe297]" started-at="2020-05-10T08:48:18 IST" name="shouldAnswerWithTrue3" finished-at="2020-05-10T08:48:18 IST" duration-ms="1" status="PASS">
          <reporter-output>
          </reporter-output>
        </test-method> <!-- shouldAnswerWithTrue3 -->
        <test-method signature="shouldAnswerWithTrue4()[pri:0, instance:GitDemo.GitHub.AppTest@38afe297]" started-at="2020-05-10T08:48:18 IST" name="shouldAnswerWithTrue4" finished-at="2020-05-10T08:48:18 IST" duration-ms="1" status="PASS">
          <reporter-output>
          </reporter-output>
        </test-method> <!-- shouldAnswerWithTrue4 -->
      </class> <!-- GitDemo.GitHub.AppTest -->
      <class name="GitDemo.GitHub.Class2Test">
        <test-method signature="withTrue()[pri:0, instance:GitDemo.GitHub.Class2Test@55b0dcab]" started-at="2020-05-10T08:48:18 IST" name="withTrue" finished-at="2020-05-10T08:48:18 IST" duration-ms="1" status="PASS">
          <reporter-output>
          </reporter-output>
        </test-method> <!-- withTrue -->
        <test-method signature="withTrue1()[pri:0, instance:GitDemo.GitHub.Class2Test@55b0dcab]" started-at="2020-05-10T08:48:18 IST" name="withTrue1" finished-at="2020-05-10T08:48:18 IST" duration-ms="6" status="PASS">
          <reporter-output>
          </reporter-output>
        </test-method> <!-- withTrue1 -->
        <test-method signature="withTrue2()[pri:0, instance:GitDemo.GitHub.Class2Test@55b0dcab]" started-at="2020-05-10T08:48:18 IST" name="withTrue2" finished-at="2020-05-10T08:48:18 IST" duration-ms="1" status="PASS">
          <reporter-output>
          </reporter-output>
        </test-method> <!-- withTrue2 -->
        <test-method signature="withTrue3()[pri:0, instance:GitDemo.GitHub.Class2Test@55b0dcab]" started-at="2020-05-10T08:48:18 IST" name="withTrue3" finished-at="2020-05-10T08:48:18 IST" duration-ms="0" status="PASS">
          <reporter-output>
          </reporter-output>
        </test-method> <!-- withTrue3 -->
      </class> <!-- GitDemo.GitHub.Class2Test -->
      <class name="GitDemo.GitHub.Class3Test">
        <test-method signature="with()[pri:0, instance:GitDemo.GitHub.Class3Test@131ef10]" started-at="2020-05-10T08:48:18 IST" name="with" finished-at="2020-05-10T08:48:18 IST" duration-ms="7" status="PASS">
          <reporter-output>
          </reporter-output>
        </test-method> <!-- with -->
        <test-method signature="with1()[pri:0, instance:GitDemo.GitHub.Class3Test@131ef10]" started-at="2020-05-10T08:48:18 IST" name="with1" finished-at="2020-05-10T08:48:18 IST" duration-ms="0" status="PASS">
          <reporter-output>
          </reporter-output>
        </test-method> <!-- with1 -->
        <test-method signature="with2()[pri:0, instance:GitDemo.GitHub.Class3Test@131ef10]" started-at="2020-05-10T08:48:18 IST" name="with2" finished-at="2020-05-10T08:48:18 IST" duration-ms="0" status="PASS">
          <reporter-output>
          </reporter-output>
        </test-method> <!-- with2 -->
        <test-method signature="with3()[pri:0, instance:GitDemo.GitHub.Class3Test@131ef10]" started-at="2020-05-10T08:48:18 IST" name="with3" finished-at="2020-05-10T08:48:18 IST" duration-ms="0" status="PASS">
          <reporter-output>
          </reporter-output>
        </test-method> <!-- with3 -->
      </class> <!-- GitDemo.GitHub.Class3Test -->
    </test> <!-- Test -->
  </suite> <!-- Suite -->
</testng-results>
