<?xml version="1.0" encoding="UTF-8"?>
<testsuite xmlns:xsi="http://www.w3.org/2001/XMLSchema-instance" xsi:noNamespaceSchemaLocation="https://maven.apache.org/surefire/maven-surefire-plugin/xsd/surefire-test-report-3.0.xsd" version="3.0" name="TestSuite" time="1.383" tests="13" errors="0" skipped="0" failures="0">
  <properties>
[...]
</properties>
  <testcase name="with" classname="GitDemo.GitHub.Class3Test" time="0.012"/>
  <testcase name="with1" classname="GitDemo.GitHub.Class3Test" time="0.004"/>
  <testcase name="with2" classname="GitDemo.GitHub.Class3Test" time="0.001"/>
  <testcase name="with3" classname="GitDemo.GitHub.Class3Test" time="0.014"/>
  <testcase name="withTrue" classname="GitDemo.GitHub.Class2Test" time="0.021"/>
  <testcase name="withTrue1" classname="GitDemo.GitHub.Class2Test" time="0.01"/>
  <testcase name="withTrue2" classname="GitDemo.GitHub.Class2Test" time="0.027"/>
  <testcase name="withTrue3" classname="GitDemo.GitHub.Class2Test" time="0.014"/>
  <testcase name="shouldAnswerWithTrue" classname="GitDemo.GitHub.AppTest" time="0.007"/>
  <testcase name="shouldAnswerWithTrue1" classname="GitDemo.GitHub.AppTest" time="0.02"/>
  <testcase name="shouldAnswerWithTrue2" classname="GitDemo.GitHub.AppTest" time="0.003"/>
  <testcase name="shouldAnswerWithTrue3" classname="GitDemo.GitHub.AppTest" time="0.006"/>
  <testcase name="shouldAnswerWithTrue4" classname="GitDemo.GitHub.AppTest" time="0.037"/>
</testsuite>