<?xml version="1.0" encoding="UTF-8"?>
<testng-results ignored="0" total="21" passed="21" failed="0" skipped="0">
  <reporter-output>
  </reporter-output>
  <suite started-at="2020-05-09T21:38:28 IST" name="Suite" finished-at="2020-05-09T21:38:28 IST" duration-ms="131">
    <groups>
    </groups>
    <test started-at="2020-05-09T21:38:28 IST" name="Test" finished-at="2020-05-09T21:38:28 IST" duration-ms="131">
      <class name="GitDemo.GitHub.Class4Test">
        <test-method signature="true0()[pri:0, instance:GitDemo.GitHub.Class4Test@3f56875e]" started-at="2020-05-09T21:38:28 IST" name="true0" finished-at="2020-05-09T21:38:28 IST" duration-ms="1" status="PASS">
          <reporter-output>
          </reporter-output>
        </test-method> <!-- true0 -->
        <test-method signature="true1()[pri:0, instance:GitDemo.GitHub.Class4Test@3f56875e]" started-at="2020-05-09T21:38:28 IST" name="true1" finished-at="2020-05-09T21:38:28 IST" duration-ms="1" status="PASS">
          <reporter-output>
          </reporter-output>
        </test-method> <!-- true1 -->
        <test-method signature="true2()[pri:0, instance:GitDemo.GitHub.Class4Test@3f56875e]" started-at="2020-05-09T21:38:28 IST" name="true2" finished-at="2020-05-09T21:38:28 IST" duration-ms="2" status="PASS">
          <reporter-output>
          </reporter-output>
        </test-method> <!-- true2 -->
        <test-method signature="true3()[pri:0, instance:GitDemo.GitHub.Class4Test@3f56875e]" started-at="2020-05-09T21:38:28 IST" name="true3" finished-at="2020-05-09T21:38:28 IST" duration-ms="1" status="PASS">
          <reporter-output>
          </reporter-output>
        </test-method> <!-- true3 -->
      </class> <!-- GitDemo.GitHub.Class4Test -->
      <class name="GitDemo.GitHub.AppTest">
        <test-method signature="shouldAnswerWithTrue()[pri:0, instance:GitDemo.GitHub.AppTest@672872e1]" started-at="2020-05-09T21:38:28 IST" name="shouldAnswerWithTrue" finished-at="2020-05-09T21:38:28 IST" duration-ms="2" status="PASS">
          <reporter-output>
          </reporter-output>
        </test-method> <!-- shouldAnswerWithTrue -->
        <test-method signature="shouldAnswerWithTrue1()[pri:0, instance:GitDemo.GitHub.AppTest@672872e1]" started-at="2020-05-09T21:38:28 IST" name="shouldAnswerWithTrue1" finished-at="2020-05-09T21:38:28 IST" duration-ms="2" status="PASS">
          <reporter-output>
          </reporter-output>
        </test-method> <!-- shouldAnswerWithTrue1 -->
        <test-method signature="shouldAnswerWithTrue2()[pri:0, instance:GitDemo.GitHub.AppTest@672872e1]" started-at="2020-05-09T21:38:28 IST" name="shouldAnswerWithTrue2" finished-at="2020-05-09T21:38:28 IST" duration-ms="2" status="PASS">
          <reporter-output>
          </reporter-output>
        </test-method> <!-- shouldAnswerWithTrue2 -->
        <test-method signature="shouldAnswerWithTrue3()[pri:0, instance:GitDemo.GitHub.AppTest@672872e1]" started-at="2020-05-09T21:38:28 IST" name="shouldAnswerWithTrue3" finished-at="2020-05-09T21:38:28 IST" duration-ms="2" status="PASS">
          <reporter-output>
          </reporter-output>
        </test-method> <!-- shouldAnswerWithTrue3 -->
        <test-method signature="shouldAnswerWithTrue4()[pri:0, instance:GitDemo.GitHub.AppTest@672872e1]" started-at="2020-05-09T21:38:28 IST" name="shouldAnswerWithTrue4" finished-at="2020-05-09T21:38:28 IST" duration-ms="2" status="PASS">
          <reporter-output>
          </reporter-output>
        </test-method> <!-- shouldAnswerWithTrue4 -->
      </class> <!-- GitDemo.GitHub.AppTest -->
      <class name="GitDemo.GitHub.Class2Test">
        <test-method signature="withTrue()[pri:0, instance:GitDemo.GitHub.Class2Test@fa36558]" started-at="2020-05-09T21:38:28 IST" name="withTrue" finished-at="2020-05-09T21:38:28 IST" duration-ms="1" status="PASS">
          <reporter-output>
          </reporter-output>
        </test-method> <!-- withTrue -->
        <test-method signature="withTrue1()[pri:0, instance:GitDemo.GitHub.Class2Test@fa36558]" started-at="2020-05-09T21:38:28 IST" name="withTrue1" finished-at="2020-05-09T21:38:28 IST" duration-ms="1" status="PASS">
          <reporter-output>
          </reporter-output>
        </test-method> <!-- withTrue1 -->
        <test-method signature="withTrue2()[pri:0, instance:GitDemo.GitHub.Class2Test@fa36558]" started-at="2020-05-09T21:38:28 IST" name="withTrue2" finished-at="2020-05-09T21:38:28 IST" duration-ms="1" status="PASS">
          <reporter-output>
          </reporter-output>
        </test-method> <!-- withTrue2 -->
        <test-method signature="withTrue3()[pri:0, instance:GitDemo.GitHub.Class2Test@fa36558]" started-at="2020-05-09T21:38:28 IST" name="withTrue3" finished-at="2020-05-09T21:38:28 IST" duration-ms="2" status="PASS">
          <reporter-output>
          </reporter-output>
        </test-method> <!-- withTrue3 -->
      </class> <!-- GitDemo.GitHub.Class2Test -->
      <class name="GitDemo.GitHub.Class1Test">
        <test-method signature="answerWithTrue()[pri:0, instance:GitDemo.GitHub.Class1Test@32910148]" started-at="2020-05-09T21:38:28 IST" name="answerWithTrue" finished-at="2020-05-09T21:38:28 IST" duration-ms="2" status="PASS">
          <reporter-output>
          </reporter-output>
        </test-method> <!-- answerWithTrue -->
        <test-method signature="answerWithTrue1()[pri:0, instance:GitDemo.GitHub.Class1Test@32910148]" started-at="2020-05-09T21:38:28 IST" name="answerWithTrue1" finished-at="2020-05-09T21:38:28 IST" duration-ms="3" status="PASS">
          <reporter-output>
          </reporter-output>
        </test-method> <!-- answerWithTrue1 -->
        <test-method signature="answerWithTrue2()[pri:0, instance:GitDemo.GitHub.Class1Test@32910148]" started-at="2020-05-09T21:38:28 IST" name="answerWithTrue2" finished-at="2020-05-09T21:38:28 IST" duration-ms="1" status="PASS">
          <reporter-output>
          </reporter-output>
        </test-method> <!-- answerWithTrue2 -->
        <test-method signature="answerWithTrue3()[pri:0, instance:GitDemo.GitHub.Class1Test@32910148]" started-at="2020-05-09T21:38:28 IST" name="answerWithTrue3" finished-at="2020-05-09T21:38:28 IST" duration-ms="1" status="PASS">
          <reporter-output>
          </reporter-output>
        </test-method> <!-- answerWithTrue3 -->
      </class> <!-- GitDemo.GitHub.Class1Test -->
      <class name="GitDemo.GitHub.Class3Test">
        <test-method signature="with()[pri:0, instance:GitDemo.GitHub.Class3Test@7c1e2a9e]" started-at="2020-05-09T21:38:28 IST" name="with" finished-at="2020-05-09T21:38:28 IST" duration-ms="9" status="PASS">
          <reporter-output>
          </reporter-output>
        </test-method> <!-- with -->
        <test-method signature="with1()[pri:0, instance:GitDemo.GitHub.Class3Test@7c1e2a9e]" started-at="2020-05-09T21:38:28 IST" name="with1" finished-at="2020-05-09T21:38:28 IST" duration-ms="1" status="PASS">
          <reporter-output>
          </reporter-output>
        </test-method> <!-- with1 -->
        <test-method signature="with2()[pri:0, instance:GitDemo.GitHub.Class3Test@7c1e2a9e]" started-at="2020-05-09T21:38:28 IST" name="with2" finished-at="2020-05-09T21:38:28 IST" duration-ms="5" status="PASS">
          <reporter-output>
          </reporter-output>
        </test-method> <!-- with2 -->
        <test-method signature="with3()[pri:0, instance:GitDemo.GitHub.Class3Test@7c1e2a9e]" started-at="2020-05-09T21:38:28 IST" name="with3" finished-at="2020-05-09T21:38:28 IST" duration-ms="5" status="PASS">
          <reporter-output>
          </reporter-output>
        </test-method> <!-- with3 -->
      </class> <!-- GitDemo.GitHub.Class3Test -->
    </test> <!-- Test -->
  </suite> <!-- Suite -->
</testng-results>
